<?xml version="1.0" encoding="UTF-8"?>
<!-- Generated by org.testng.reporters.JUnitXMLReporter -->
<testsuite ignored="3" hostname="MSI" failures="0" tests="1" name="Test" time="17.797" errors="0" timestamp="2024-08-13T17:35:29 IST">
  <testcase classname="AmazonTestCases.TestCases" name="TC04" time="11.239"/>
  <testcase classname="AmazonTestCases.TestCases" name="TC03" time="0.0">
    <ignored/>
  </testcase> <!-- TC03 -->
  <testcase classname="AmazonTestCases.TestCases" name="TC02" time="0.0">
    <ignored/>
  </testcase> <!-- TC02 -->
  <testcase classname="AmazonTestCases.TestCases" name="TC01" time="0.0">
    <ignored/>
  </testcase> <!-- TC01 -->
</testsuite> <!-- Test -->
