<?xml version="1.0" encoding="UTF-8"?>
<testng-results ignored="0" total="1" passed="1" failed="0" skipped="0">
  <reporter-output>
  </reporter-output>
  <suite started-at="2024-08-13T17:35:11 IST" name="Suite" finished-at="2024-08-13T17:35:29 IST" duration-ms="17797">
    <groups>
    </groups>
    <test started-at="2024-08-13T17:35:11 IST" name="Test" finished-at="2024-08-13T17:35:29 IST" duration-ms="17797">
      <class name="AmazonTestCases.TestCases">
        <test-method is-config="true" signature="initialization()[pri:0, instance:AmazonTestCases.TestCases@130d63be]" started-at="2024-08-13T17:35:11 IST" name="initialization" finished-at="2024-08-13T17:35:18 IST" duration-ms="6375" status="PASS">
          <reporter-output>
          </reporter-output>
        </test-method> <!-- initialization -->
        <test-method signature="TC04()[pri:0, instance:AmazonTestCases.TestCases@130d63be]" started-at="2024-08-13T17:35:18 IST" name="TC04" finished-at="2024-08-13T17:35:29 IST" duration-ms="11239" status="PASS">
          <reporter-output>
          </reporter-output>
        </test-method> <!-- TC04 -->
      </class> <!-- AmazonTestCases.TestCases -->
    </test> <!-- Test -->
  </suite> <!-- Suite -->
</testng-results>
